#
# A fatal error has been detected by the Java Runtime Environment:
#
#  EXCEPTION_ACCESS_VIOLATION (0xc0000005) at pc=0x0000000057c08f19, pid=6516, tid=5680
#
# JRE version: 7.0_10-b18
# Java VM: Java HotSpot(TM) 64-Bit Server VM (23.6-b04 mixed mode windows-amd64 compressed oops)
# Problematic frame:
# V  [jvm.dll+0x38f19]
#
# Failed to write core dump. Minidumps are not enabled by default on client versions of Windows
#
# If you would like to submit a bug report, please visit:
#   http://bugreport.sun.com/bugreport/crash.jsp
#

---------------  T H R E A D  ---------------

Current thread (0x0000000011110800):  JavaThread "JDWP Transport Listener: dt_socket" daemon [_thread_in_vm, id=5680, stack(0x0000000012d90000,0x0000000012e90000)]

siginfo: ExceptionCode=0xc0000005, reading address 0x000000000000000c

Registers:
RAX=0x000000000000000c, RBX=0x0000000011110800, RCX=0x0000000000000003, RDX=0x0000000000000000
RSP=0x0000000012e8f3d0, RBP=0x000000000000000c, RSI=0x0000000000000000, RDI=0x0000000000000010
R8 =0x00000007abd90100, R9 =0x0000000000000000, R10=0x0000000000000000, R11=0x0000000000000001
R12=0x0000000000000000, R13=0x0000000000000000, R14=0x0000000000000000, R15=0x0000000000000000
RIP=0x0000000057c08f19, EFLAGS=0x0000000000010246

Top of Stack: (sp=0x0000000012e8f3d0)
0x0000000012e8f3d0:   0000000011110800 0000000000000000
0x0000000012e8f3e0:   0000000000000000 0000000011110800
0x0000000012e8f3f0:   0000000000000000 0000000057cc76b4
0x0000000012e8f400:   00000007abd90100 0000000012e8f520
0x0000000012e8f410:   0000000011082148 0000000012e8f4f0
0x0000000012e8f420:   0000000011110800 0000000000000000
0x0000000012e8f430:   0000000011082148 0000000012e8f520
0x0000000012e8f440:   0000000000000000 0000000000000000
0x0000000012e8f450:   00000000111109d8 000000006ccb7d15
0x0000000012e8f460:   0000000012e8f4f0 0000000012e8f520
0x0000000012e8f470:   0000000011082148 00000000111109d8
0x0000000012e8f480:   0000000013751b0a 000000006ccbf09c
0x0000000012e8f490:   0000000057010a01 0000000012e8f590
0x0000000012e8f4a0:   0000000011104301 0000000013cf3520
0x0000000012e8f4b0:   0000a61200000013 0000000057010a00
0x0000000012e8f4c0:   000000000222db90 0000000000000000 

Instructions: (pc=0x0000000057c08f19)
0x0000000057c08ef9:   d2 48 8b c5 eb 18 48 8b d0 48 8b c5 48 d3 e2 48
0x0000000057c08f09:   03 15 01 16 62 00 eb 06 48 8b 12 48 8b c7 48 98
0x0000000057c08f19:   8b 14 10 85 d2 74 2a 45 84 db 4c 63 c6 48 0f 45
0x0000000057c08f29:   fd 8d 47 0b 48 63 c8 48 83 e1 f8 48 c1 e9 03 8d 


Register to memory mapping:

RAX=0x000000000000000c is an unknown value
RBX=0x0000000011110800 is a thread
RCX=0x0000000000000003 is an unknown value
RDX=0x0000000000000000 is an unknown value
RSP=0x0000000012e8f3d0 is pointing into the stack for thread: 0x0000000011110800
RBP=0x000000000000000c is an unknown value
RSI=0x0000000000000000 is an unknown value
RDI=0x0000000000000010 is an unknown value
R8 =0x00000007abd90100 is an oop
java.lang.String 
 - klass: 'java/lang/String'
R9 =0x0000000000000000 is an unknown value
R10=0x0000000000000000 is an unknown value
R11=0x0000000000000001 is an unknown value
R12=0x0000000000000000 is an unknown value
R13=0x0000000000000000 is an unknown value
R14=0x0000000000000000 is an unknown value
R15=0x0000000000000000 is an unknown value


Stack: [0x0000000012d90000,0x0000000012e90000],  sp=0x0000000012e8f3d0,  free space=1020k
Native frames: (J=compiled Java code, j=interpreted, Vv=VM code, C=native code)
V  [jvm.dll+0x38f19]


---------------  P R O C E S S  ---------------

Java Threads: ( => current thread )
  0x00000000134c1000 JavaThread "ReaderThread" [_thread_in_native, id=8632, stack(0x00000000138f0000,0x00000000139f0000)]
  0x000000001113c000 JavaThread "Service Thread" daemon [_thread_blocked, id=1284, stack(0x00000000131d0000,0x00000000132d0000)]
  0x000000001113b800 JavaThread "C2 CompilerThread1" daemon [_thread_blocked, id=5672, stack(0x00000000130c0000,0x00000000131c0000)]
  0x000000001113a800 JavaThread "C2 CompilerThread0" daemon [_thread_blocked, id=19572, stack(0x0000000012bb0000,0x0000000012cb0000)]
  0x0000000011120000 JavaThread "JDWP Command Reader" daemon [_thread_in_native, id=8472, stack(0x0000000012a30000,0x0000000012b30000)]
  0x000000001111f000 JavaThread "JDWP Event Helper Thread" daemon [_thread_blocked, id=17592, stack(0x0000000012f80000,0x0000000013080000)]
=>0x0000000011110800 JavaThread "JDWP Transport Listener: dt_socket" daemon [_thread_in_vm, id=5680, stack(0x0000000012d90000,0x0000000012e90000)]
  0x000000001110a000 JavaThread "Attach Listener" daemon [_thread_blocked, id=22508, stack(0x00000000125f0000,0x00000000126f0000)]
  0x0000000011103000 JavaThread "Signal Dispatcher" daemon [_thread_blocked, id=9732, stack(0x0000000012420000,0x0000000012520000)]
  0x00000000022e9800 JavaThread "Finalizer" daemon [_thread_blocked, id=20996, stack(0x0000000011e70000,0x0000000011f70000)]
  0x0000000011082800 JavaThread "Reference Handler" daemon [_thread_blocked, id=9220, stack(0x00000000121d0000,0x00000000122d0000)]
  0x000000000015f800 JavaThread "main" [_thread_blocked, id=8560, stack(0x00000000024e0000,0x00000000025e0000)]

Other Threads:
  0x0000000011081000 VMThread [stack: 0x0000000011f80000,0x0000000012080000] [id=13328]
  0x0000000011130800 WatcherThread [stack: 0x0000000013310000,0x0000000013410000] [id=22108]

VM state:not at safepoint (normal execution)

VM Mutex/Monitor currently owned by a thread: None

Heap
 PSYoungGen      total 76480K, used 19739K [0x00000007aaab0000, 0x00000007b0000000, 0x0000000800000000)
  eden space 65600K, 30% used [0x00000007aaab0000,0x00000007abdf6d58,0x00000007aeac0000)
  from space 10880K, 0% used [0x00000007af560000,0x00000007af560000,0x00000007b0000000)
  to   space 10880K, 0% used [0x00000007aeac0000,0x00000007aeac0000,0x00000007af560000)
 ParOldGen       total 174784K, used 0K [0x0000000700000000, 0x000000070aab0000, 0x00000007aaab0000)
  object space 174784K, 0% used [0x0000000700000000,0x0000000700000000,0x000000070aab0000)
 PSPermGen       total 21248K, used 9887K [0x00000006fae00000, 0x00000006fc2c0000, 0x0000000700000000)
  object space 21248K, 46% used [0x00000006fae00000,0x00000006fb7a7ef0,0x00000006fc2c0000)

Card table byte_map: [0x00000000055e0000,0x0000000005e10000] byte_map_base: 0x0000000001e09000

Polling page: 0x0000000000130000

Code Cache  [0x00000000025e0000, 0x0000000002850000, 0x00000000055e0000)
 total_blobs=348 nmethods=50 adapters=257 free_code_cache=48592Kb largest_free_block=49724352

Compilation events (10 events):
Event: 0.811 Thread 0x000000001113a800   44             java.lang.reflect.Method::getDeclaringClass (5 bytes)
Event: 0.812 Thread 0x000000001113a800 nmethod 44 0x0000000002661010 code [0x0000000002661140, 0x00000000026611b8]
Event: 0.813 Thread 0x000000001113b800   45             sun.nio.cs.UTF_8$Encoder::encodeArrayLoop (489 bytes)
Event: 0.813 Thread 0x000000001113a800   46             sun.reflect.generics.parser.SignatureParser::advance (37 bytes)
Event: 0.814 Thread 0x000000001113a800 nmethod 46 0x0000000002667d50 code [0x0000000002667e80, 0x0000000002667ed8]
Event: 0.815 Thread 0x000000001113a800   47  s          java.lang.StringBuffer::append (8 bytes)
Event: 0.819 Thread 0x000000001113a800 nmethod 47 0x0000000002663110 code [0x0000000002663260, 0x0000000002663958]
Event: 0.830 Thread 0x000000001113b800 nmethod 45 0x0000000002664750 code [0x0000000002664900, 0x0000000002665310]
Event: 0.844 Thread 0x000000001113a800   48             sun.nio.cs.UTF_8$Decoder::decode (640 bytes)
Event: 0.868 Thread 0x000000001113a800 nmethod 48 0x0000000002671a50 code [0x0000000002671d20, 0x0000000002672e10]

GC Heap History (0 events):
No events

Deoptimization events (2 events):
Event: 0.405 Thread 0x000000000015f800 Uncommon trap -12 fr.pc 0x000000000264595c
Event: 0.797 Thread 0x000000000015f800 Uncommon trap -83 fr.pc 0x000000000265a544

Internal exceptions (10 events):
Event: 0.827 Thread 0x000000000015f800 Threw 0x00000007abd5dfd8 at C:\jdk7u2_64p\jdk7u10\hotspot\src\share\vm\prims\jvm.cpp:1166
Event: 0.828 Thread 0x000000000015f800 Threw 0x00000007abd611a8 at C:\jdk7u2_64p\jdk7u10\hotspot\src\share\vm\prims\jvm.cpp:1166
Event: 0.828 Thread 0x000000000015f800 Threw 0x00000007abd657e0 at C:\jdk7u2_64p\jdk7u10\hotspot\src\share\vm\prims\jvm.cpp:1166
Event: 0.829 Thread 0x000000000015f800 Threw 0x00000007abd681f0 at C:\jdk7u2_64p\jdk7u10\hotspot\src\share\vm\prims\jvm.cpp:1166
Event: 0.829 Thread 0x000000000015f800 Threw 0x00000007abd6abc8 at C:\jdk7u2_64p\jdk7u10\hotspot\src\share\vm\prims\jvm.cpp:1166
Event: 0.837 Thread 0x000000000015f800 Threw 0x00000007abd6d698 at C:\jdk7u2_64p\jdk7u10\hotspot\src\share\vm\prims\jvm.cpp:1166
Event: 0.841 Thread 0x000000000015f800 Threw 0x00000007abd7c2e0 at C:\jdk7u2_64p\jdk7u10\hotspot\src\share\vm\prims\jvm.cpp:1166
Event: 0.842 Thread 0x000000000015f800 Threw 0x00000007abd809f0 at C:\jdk7u2_64p\jdk7u10\hotspot\src\share\vm\prims\jvm.cpp:1166
Event: 0.842 Thread 0x000000000015f800 Threw 0x00000007abd85740 at C:\jdk7u2_64p\jdk7u10\hotspot\src\share\vm\prims\jvm.cpp:1166
Event: 0.843 Thread 0x000000000015f800 Threw 0x00000007abd8cd80 at C:\jdk7u2_64p\jdk7u10\hotspot\src\share\vm\prims\jvm.cpp:1166

Events (10 events):
Event: 3.751 Executing VM operation: GetCurrentLocation
Event: 3.751 Executing VM operation: GetCurrentLocation done
Event: 3.751 Executing VM operation: ChangeSingleStep
Event: 3.751 Executing VM operation: ChangeSingleStep done
Event: 3.752 Executing VM operation: ChangeSingleStep
Event: 3.752 Executing VM operation: ChangeSingleStep done
Event: 3.772 Executing VM operation: GetOrSetLocal
Event: 3.772 Executing VM operation: GetOrSetLocal done
Event: 3.779 Executing VM operation: GetOrSetLocal
Event: 3.780 Executing VM operation: GetOrSetLocal done


Dynamic libraries:
0x000000013fd40000 - 0x000000013fd73000 	C:\Program Files\Java\jdk1.7.0_10\bin\javaw.exe
0x00000000776e0000 - 0x0000000077889000 	C:\Windows\SYSTEM32\ntdll.dll
0x0000000077470000 - 0x000000007758f000 	C:\Windows\system32\kernel32.dll
0x000007fefdc70000 - 0x000007fefdcdb000 	C:\Windows\system32\KERNELBASE.dll
0x000007feff8c0000 - 0x000007feff99b000 	C:\Windows\system32\ADVAPI32.dll
0x000007feff5d0000 - 0x000007feff66f000 	C:\Windows\system32\msvcrt.dll
0x000007feff380000 - 0x000007feff39f000 	C:\Windows\SYSTEM32\sechost.dll
0x000007fefdf10000 - 0x000007fefe03d000 	C:\Windows\system32\RPCRT4.dll
0x0000000077210000 - 0x000000007730a000 	C:\Windows\system32\USER32.dll
0x000007fefe2f0000 - 0x000007fefe357000 	C:\Windows\system32\GDI32.dll
0x000007feff9a0000 - 0x000007feff9ae000 	C:\Windows\system32\LPK.dll
0x000007fefe040000 - 0x000007fefe109000 	C:\Windows\system32\USP10.dll
0x000007fefc4f0000 - 0x000007fefc6e4000 	C:\Windows\WinSxS\amd64_microsoft.windows.common-controls_6595b64144ccf1df_6.0.7601.17514_none_fa396087175ac9ac\COMCTL32.dll
0x000007feff420000 - 0x000007feff491000 	C:\Windows\system32\SHLWAPI.dll
0x000007feff9c0000 - 0x000007feff9ee000 	C:\Windows\system32\IMM32.DLL
0x000007feff670000 - 0x000007feff779000 	C:\Windows\system32\MSCTF.dll
0x0000000068210000 - 0x00000000682e1000 	C:\Program Files\Java\jdk1.7.0_10\jre\bin\msvcr100.dll
0x0000000057bd0000 - 0x00000000582ef000 	C:\Program Files\Java\jdk1.7.0_10\jre\bin\server\jvm.dll
0x000007fef85d0000 - 0x000007fef85d9000 	C:\Windows\system32\WSOCK32.dll
0x000007feff580000 - 0x000007feff5cd000 	C:\Windows\system32\WS2_32.dll
0x000007feff9b0000 - 0x000007feff9b8000 	C:\Windows\system32\NSI.dll
0x000007fefb470000 - 0x000007fefb4ab000 	C:\Windows\system32\WINMM.dll
0x00000000778b0000 - 0x00000000778b7000 	C:\Windows\system32\PSAPI.DLL
0x0000000072850000 - 0x000000007285f000 	C:\Program Files\Java\jdk1.7.0_10\jre\bin\verify.dll
0x0000000072820000 - 0x0000000072848000 	C:\Program Files\Java\jdk1.7.0_10\jre\bin\java.dll
0x000000006ccb0000 - 0x000000006cce5000 	C:\Program Files\Java\jdk1.7.0_10\jre\bin\jdwp.dll
0x0000000072230000 - 0x0000000072238000 	C:\Program Files\Java\jdk1.7.0_10\jre\bin\npt.dll
0x0000000072800000 - 0x0000000072815000 	C:\Program Files\Java\jdk1.7.0_10\jre\bin\zip.dll
0x0000000072220000 - 0x0000000072229000 	C:\Program Files\Java\jdk1.7.0_10\jre\bin\dt_socket.dll
0x000007fefa760000 - 0x000007fefa775000 	C:\Windows\system32\NLAapi.dll
0x000007fef8d20000 - 0x000007fef8d35000 	C:\Windows\system32\napinsp.dll
0x000007fef8c70000 - 0x000007fef8c89000 	C:\Windows\system32\pnrpnsp.dll
0x000007fefd3a0000 - 0x000007fefd3f5000 	C:\Windows\System32\mswsock.dll
0x000007fefd220000 - 0x000007fefd27b000 	C:\Windows\system32\DNSAPI.dll
0x000007fef8c40000 - 0x000007fef8c4b000 	C:\Windows\System32\winrnr.dll
0x0000000073fe0000 - 0x000000007400e000 	C:\Program Files\Common Files\Microsoft Shared\Windows Live\WLIDNSP.DLL
0x000007fef9c20000 - 0x000007fef9c47000 	C:\Windows\system32\IPHLPAPI.DLL
0x000007fef9c10000 - 0x000007fef9c1b000 	C:\Windows\system32\WINNSI.DLL
0x000007fef9ab0000 - 0x000007fef9b03000 	C:\Windows\System32\fwpuclnt.dll
0x000007fef85c0000 - 0x000007fef85c8000 	C:\Windows\system32\rasadhlp.dll
0x000007fefcd60000 - 0x000007fefcd67000 	C:\Windows\System32\wshtcpip.dll
0x000000006f320000 - 0x000000006f339000 	C:\Program Files\Java\jdk1.7.0_10\jre\bin\net.dll
0x000007fefd390000 - 0x000007fefd397000 	C:\Windows\System32\wship6.dll
0x00000000712d0000 - 0x00000000712db000 	C:\Program Files\Java\jdk1.7.0_10\jre\bin\management.dll
0x00000000720c0000 - 0x00000000720d1000 	C:\Program Files\Java\jdk1.7.0_10\jre\bin\nio.dll
0x000007fefa400000 - 0x000007fefa525000 	C:\Windows\system32\dbghelp.dll

VM Arguments:
jvm_args: -agentlib:jdwp=transport=dt_socket,suspend=y,address=localhost:32838 -Dfile.encoding=UTF-8 
java_command: org.eclipse.jdt.internal.junit.runner.RemoteTestRunner -version 3 -port 32836 -testLoaderClass org.eclipse.jdt.internal.junit4.runner.JUnit4TestLoader -loaderpluginname org.eclipse.jdt.junit4.runtime -test org.apache.directmemory.memory.UnsafeMemoryManagerTest:testUpdate
Launcher Type: SUN_STANDARD

Environment Variables:
JAVA_HOME=C:\Program Files\Java\jdk1.7.0_10
CLASSPATH=.;C:\Program Files (x86)\Java\jre6\lib\ext\QTJava.zip
PATH=C:\Program Files\Java\jdk1.7.0_10\jre\bin;C:/Program Files/Java/jdk1.7.0_10/jre/bin/server;C:/Program Files/Java/jdk1.7.0_10/jre/bin;C:/Program Files/Java/jdk1.7.0_10/jre/lib/amd64;C:\Program Files (x86)\NVIDIA Corporation\PhysX\Common;ommonProgramFiles\Microsoft Shared\Windows Live;C:\Program Files (x86)\AMD APP\bin\x86_64;C:\Program Files (x86)\AMD APP\bin\x86;C:\Users\noctarius\Documents\ATI Stream\bin\x86_64;C:\Users\noctarius\Documents\ATI Stream\bin\x86;C:\Windows\system32;C:\Windows;C:\Windows\System32\Wbem;C:\Windows\System32\WindowsPowerShell\v1.0\;C:\Program Files (x86)\ATI Technologies\ATI.ACE\Core-Static;C:\Program Files (x86)\cvs;C:\Program Files (x86)\GNU\GnuPG\pub;C:\Program Files (x86)\Common Files\Teleca Shared;C:\Windows\System32\Windows System Resource Manager\bin;C:\Program Files (x86)\OpenSSH\bin;C:\Program Files (x86)\QuickTime\QTSystem\;C:\Program Files (x86)\NTP\bin;C:\Program Files (x86)\TortoiseHg\;C:\Program Files\MySQL\MySQL Server 5.5\bin;C:\Program Files (x86)\Subversion\bin;C:\Program Files\Java\jdk1.7.0_10\bin;f:\jboss-forge\bin;C:\Program Files\TortoiseSVN\bin;C:\Program Files\TortoiseGit\bin;C:\Program Files\Common Files\Microsoft Shared\Windows Live;C:\Program Files (x86)\OpenVPN\bin;f:\sdks\haxe\Haxe\;f:\sdks\haxe\neko;F:\eclipse;
USERNAME=noctarius
OS=Windows_NT
PROCESSOR_IDENTIFIER=AMD64 Family 16 Model 4 Stepping 3, AuthenticAMD



---------------  S Y S T E M  ---------------

OS: Windows 7 , 64 bit Build 7601 Service Pack 1

CPU:total 4 (4 cores per cpu, 1 threads per core) family 16 model 4 stepping 3, cmov, cx8, fxsr, mmx, sse, sse2, sse3, popcnt, mmxext, 3dnowpref, lzcnt, sse4a, tsc, tscinvbit, tscinv

Memory: 4k page, physical 16773656k(9085380k free), swap 50326228k(33049328k free)

vm_info: Java HotSpot(TM) 64-Bit Server VM (23.6-b04) for windows-amd64 JRE (1.7.0_10-b18), built on Nov 28 2012 05:00:40 by "java_re" with unknown MS VC++:1600

time: Sat Jul 13 18:38:13 2013
elapsed time: 3 seconds

