#
# A fatal error has been detected by the Java Runtime Environment:
#
#  SIGSEGV (0xb) at pc=0x00007f4d4730745e, pid=7087, tid=139969894725376
#
# JRE version: 7.0_25-b15
# Java VM: Java HotSpot(TM) 64-Bit Server VM (23.25-b01 mixed mode linux-amd64 compressed oops)
# Problematic frame:
# C  [libc.so.6+0x14e45e]  __nss_hosts_lookup+0x1caee
#
# Failed to write core dump. Core dumps have been disabled. To enable core dumping, try "ulimit -c unlimited" before starting Java again
#
# If you would like to submit a bug report, please visit:
#   http://bugreport.sun.com/bugreport/crash.jsp
#

---------------  T H R E A D  ---------------

Current thread (0x00007f4d4000b800):  JavaThread "main" [_thread_in_vm, id=7094, stack(0x00007f4d47cab000,0x00007f4d47dac000)]

siginfo:si_signo=SIGSEGV: si_errno=0, si_code=2 (SEGV_ACCERR), si_addr=0x00007f4d403bc3c0

Registers:
RAX=0x00007f4d403bbfdf, RBX=0x00007f4d4000b800, RCX=0x0000000000010000, RDX=0x0000000000000371
RSP=0x00007f4d47da9428, RBP=0x00007f4d47da9480, RSI=0x00000007b5d1ead9, RDI=0x00007f4d403bc3d0
R8 =0x00007f4d403bc3cf, R9 =0x00007f4d47307450, R10=0x00007f4d3d017d85, R11=0x00007f4d4733d3d0
R12=0x00007f4d47da9578, R13=0x0000000000000000, R14=0x00007f4d47da9440, R15=0x00007f4d403bbfdf
RIP=0x00007f4d4730745e, EFLAGS=0x0000000000010207, CSGSFS=0x0000000000000033, ERR=0x0000000000000006
  TRAPNO=0x000000000000000e

Top of Stack: (sp=0x00007f4d47da9428)
0x00007f4d47da9428:   00007f4d46d1fda3 0000000000000001
0x00007f4d47da9438:   0000000000000010 00007f4d4000b800
0x00007f4d47da9448:   00000007005fd855 00007f4d47da9490
0x00007f4d47da9458:   00000007004dba30 0000000000000000
0x00007f4d47da9468:   00000007004dba30 00007f4d47da9580
0x00007f4d47da9478:   00007f4d4000b800 00007f4d47da9520
0x00007f4d47da9488:   00007f4d3d017db1 0000000000000400
0x00007f4d47da9498:   00007f4d47da9498 00000007007c281f
0x00007f4d47da94a8:   00007f4d47da9510 00000007008802b8
0x00007f4d47da94b8:   0000000000000000 00000007007c28a8
0x00007f4d47da94c8:   0000000000000000 00007f4d47da9508
0x00007f4d47da94d8:   00007f4d47da9558 00007f4d47da94e0
0x00007f4d47da94e8:   0000000000000000 00007f4d47da9580
0x00007f4d47da94f8:   00000007004dea80 0000000000000000
0x00007f4d47da9508:   00000007004dba30 0000000000000000
0x00007f4d47da9518:   00007f4d47da9540 00007f4d47da95c8
0x00007f4d47da9528:   00007f4d3d0061d8 0000000000000000
0x00007f4d47da9538:   00007f4d3d013038 0000000000000400
0x00007f4d47da9548:   00000007007bdfb0 00007f4d403bbfdf
0x00007f4d47da9558:   00000007007b7a48 0000000000000000
0x00007f4d47da9568:   0000000000000010 0000000000000010
0x00007f4d47da9578:   00000007b5d1e6d8 00000007056492e0
0x00007f4d47da9588:   00007f4d47da9588 00000007007a5b08
0x00007f4d47da9598:   00007f4d47da9608 00000007009e2e20
0x00007f4d47da95a8:   0000000000000000 00000007007a5b70
0x00007f4d47da95b8:   00007f4d47da9540 00007f4d47da95e8
0x00007f4d47da95c8:   00007f4d47da9650 00007f4d3d006886
0x00007f4d47da95d8:   00007f4d403bbfdf 0000000000000000
0x00007f4d47da95e8:   0000000000000400 0000000000000000
0x00007f4d47da95f8:   00000007b5d1e6d8 000000000003ffff
0x00007f4d47da9608:   00000007b5d1e3d8 00007f4d47da9610
0x00007f4d47da9618:   00000007008ad93f 00007f4d47da9688 

Instructions: (pc=0x00007f4d4730745e)
0x00007f4d4730743e:   63 14 93 49 8d 14 13 ff e2 0f 0b 0f 1f 80 00 00
0x00007f4d4730744e:   00 00 0f 28 4e f7 0f 28 56 e7 66 0f 3a 0f ca 09
0x00007f4d4730745e:   0f 29 4f f0 0f 28 5e d7 66 0f 3a 0f d3 09 0f 29
0x00007f4d4730746e:   57 e0 0f 28 66 c7 66 0f 3a 0f dc 09 0f 29 5f d0 

Register to memory mapping:

RAX=0x00007f4d403bbfdf is an unknown value
RBX=0x00007f4d4000b800 is a thread
RCX=0x0000000000010000 is an unknown value
RDX=0x0000000000000371 is an unknown value
RSP=0x00007f4d47da9428 is pointing into the stack for thread: 0x00007f4d4000b800
RBP=0x00007f4d47da9480 is pointing into the stack for thread: 0x00007f4d4000b800
RSI=0x00000007b5d1ead9 is an unknown value
RDI=0x00007f4d403bc3d0 is an unknown value
R8 =0x00007f4d403bc3cf is an unknown value
R9 =0x00007f4d47307450: <offset 0x14e450> in /lib/x86_64-linux-gnu/libc.so.6 at 0x00007f4d471b9000
R10=0x00007f4d3d017d85 is an Interpreter codelet
method entry point (kind = native)  [0x00007f4d3d0178e0, 0x00007f4d3d0186c0]  3552 bytes
R11=0x00007f4d4733d3d0: <offset 0x1843d0> in /lib/x86_64-linux-gnu/libc.so.6 at 0x00007f4d471b9000
R12=0x00007f4d47da9578 is pointing into the stack for thread: 0x00007f4d4000b800
R13=0x0000000000000000 is an unknown value
R14=0x00007f4d47da9440 is pointing into the stack for thread: 0x00007f4d4000b800
R15=0x00007f4d403bbfdf is an unknown value


Stack: [0x00007f4d47cab000,0x00007f4d47dac000],  sp=0x00007f4d47da9428,  free space=1017k
Native frames: (J=compiled Java code, j=interpreted, Vv=VM code, C=native code)
C  [libc.so.6+0x14e45e]  __nss_hosts_lookup+0x1caee
j  sun.misc.Unsafe.copyMemory(Ljava/lang/Object;JLjava/lang/Object;JJ)V+0
j  org.apache.directmemory.buffer.impl.UnsafePartitionSlice.put(I[BII)V+168
j  org.apache.directmemory.buffer.impl.PartitionBufferImpl.flush()V+159

Java frames: (J=compiled Java code, j=interpreted, Vv=VM code)
j  sun.misc.Unsafe.copyMemory(Ljava/lang/Object;JLjava/lang/Object;JJ)V+0
j  org.apache.directmemory.buffer.impl.UnsafePartitionSlice.put(I[BII)V+168
j  org.apache.directmemory.buffer.impl.PartitionBufferImpl.flush()V+159
J  org.apache.directmemory.buffer.impl.PartitionBufferImpl.writeByte(I)V
J  org.apache.directmemory.buffer.PartitionBufferTestCase.testAllocationBufferFull()V
v  ~StubRoutines::call_stub
j  sun.reflect.NativeMethodAccessorImpl.invoke0(Ljava/lang/reflect/Method;Ljava/lang/Object;[Ljava/lang/Object;)Ljava/lang/Object;+0
j  sun.reflect.NativeMethodAccessorImpl.invoke(Ljava/lang/Object;[Ljava/lang/Object;)Ljava/lang/Object;+87
j  sun.reflect.DelegatingMethodAccessorImpl.invoke(Ljava/lang/Object;[Ljava/lang/Object;)Ljava/lang/Object;+6
j  java.lang.reflect.Method.invoke(Ljava/lang/Object;[Ljava/lang/Object;)Ljava/lang/Object;+57
j  org.junit.runners.model.FrameworkMethod$1.runReflectiveCall()Ljava/lang/Object;+15
j  org.junit.internal.runners.model.ReflectiveCallable.run()Ljava/lang/Object;+1
j  org.junit.runners.model.FrameworkMethod.invokeExplosively(Ljava/lang/Object;[Ljava/lang/Object;)Ljava/lang/Object;+10
j  org.junit.internal.runners.statements.InvokeMethod.evaluate()V+12
j  org.junit.internal.runners.statements.ExpectException.evaluate()V+6
j  org.junit.runners.ParentRunner.runLeaf(Lorg/junit/runners/model/Statement;Lorg/junit/runner/Description;Lorg/junit/runner/notification/RunNotifier;)V+17
j  org.junit.runners.BlockJUnit4ClassRunner.runChild(Lorg/junit/runners/model/FrameworkMethod;Lorg/junit/runner/notification/RunNotifier;)V+32
j  org.junit.runners.BlockJUnit4ClassRunner.runChild(Ljava/lang/Object;Lorg/junit/runner/notification/RunNotifier;)V+6
j  org.junit.runners.ParentRunner$3.run()V+12
j  org.junit.runners.ParentRunner$1.schedule(Ljava/lang/Runnable;)V+1
j  org.junit.runners.ParentRunner.runChildren(Lorg/junit/runner/notification/RunNotifier;)V+40
j  org.junit.runners.ParentRunner.access$000(Lorg/junit/runners/ParentRunner;Lorg/junit/runner/notification/RunNotifier;)V+2
j  org.junit.runners.ParentRunner$2.evaluate()V+8
j  org.junit.runners.ParentRunner.run(Lorg/junit/runner/notification/RunNotifier;)V+20
j  org.junit.runners.Suite.runChild(Lorg/junit/runner/Runner;Lorg/junit/runner/notification/RunNotifier;)V+2
j  org.junit.runners.Suite.runChild(Ljava/lang/Object;Lorg/junit/runner/notification/RunNotifier;)V+6
j  org.junit.runners.ParentRunner$3.run()V+12
j  org.junit.runners.ParentRunner$1.schedule(Ljava/lang/Runnable;)V+1
j  org.junit.runners.ParentRunner.runChildren(Lorg/junit/runner/notification/RunNotifier;)V+40
j  org.junit.runners.ParentRunner.access$000(Lorg/junit/runners/ParentRunner;Lorg/junit/runner/notification/RunNotifier;)V+2
j  org.junit.runners.ParentRunner$2.evaluate()V+8
j  org.junit.runners.ParentRunner.run(Lorg/junit/runner/notification/RunNotifier;)V+20
j  org.eclipse.jdt.internal.junit4.runner.JUnit4TestReference.run(Lorg/eclipse/jdt/internal/junit/runner/TestExecution;)V+72
j  org.eclipse.jdt.internal.junit.runner.TestExecution.run([Lorg/eclipse/jdt/internal/junit/runner/ITestReference;)V+17
j  org.eclipse.jdt.internal.junit.runner.RemoteTestRunner.runTests([Ljava/lang/String;Ljava/lang/String;Lorg/eclipse/jdt/internal/junit/runner/TestExecution;)V+61
j  org.eclipse.jdt.internal.junit.runner.RemoteTestRunner.runTests(Lorg/eclipse/jdt/internal/junit/runner/TestExecution;)V+10
j  org.eclipse.jdt.internal.junit.runner.RemoteTestRunner.run()V+70
j  org.eclipse.jdt.internal.junit.runner.RemoteTestRunner.main([Ljava/lang/String;)V+14
v  ~StubRoutines::call_stub

---------------  P R O C E S S  ---------------

Java Threads: ( => current thread )
  0x00007f4d40167800 JavaThread "ReaderThread" [_thread_in_native, id=7115, stack(0x00007f4d3402e000,0x00007f4d3412f000)]
  0x00007f4d40104000 JavaThread "Service Thread" daemon [_thread_blocked, id=7113, stack(0x00007f4d34446000,0x00007f4d34547000)]
  0x00007f4d40102000 JavaThread "C2 CompilerThread1" daemon [_thread_blocked, id=7112, stack(0x00007f4d34547000,0x00007f4d34648000)]
  0x00007f4d400ff000 JavaThread "C2 CompilerThread0" daemon [_thread_blocked, id=7111, stack(0x00007f4d34648000,0x00007f4d34749000)]
  0x00007f4d04001000 JavaThread "JDWP Command Reader" daemon [_thread_in_native, id=7109, stack(0x00007f4d34749000,0x00007f4d3484a000)]
  0x00007f4d400fc800 JavaThread "JDWP Event Helper Thread" daemon [_thread_blocked, id=7108, stack(0x00007f4d3484a000,0x00007f4d3494b000)]
  0x00007f4d400f9000 JavaThread "JDWP Transport Listener: dt_socket" daemon [_thread_blocked, id=7105, stack(0x00007f4d3494b000,0x00007f4d34a4c000)]
  0x00007f4d400ec000 JavaThread "Signal Dispatcher" daemon [_thread_blocked, id=7103, stack(0x00007f4d34c50000,0x00007f4d34d51000)]
  0x00007f4d4009f000 JavaThread "Finalizer" daemon [_thread_blocked, id=7102, stack(0x00007f4d34d51000,0x00007f4d34e52000)]
  0x00007f4d4009c800 JavaThread "Reference Handler" daemon [_thread_blocked, id=7101, stack(0x00007f4d34e52000,0x00007f4d34f53000)]
=>0x00007f4d4000b800 JavaThread "main" [_thread_in_vm, id=7094, stack(0x00007f4d47cab000,0x00007f4d47dac000)]

Other Threads:
  0x00007f4d40095000 VMThread [stack: 0x00007f4d34f53000,0x00007f4d35054000] [id=7100]
  0x00007f4d40117000 WatcherThread [stack: 0x00007f4d34345000,0x00007f4d34446000] [id=7114]

VM state:not at safepoint (normal execution)

VM Mutex/Monitor currently owned by a thread: None

Heap
 PSYoungGen      total 819904K, used 515526K [0x00000007ac760000, 0x0000000800000000, 0x0000000800000000)
  eden space 430848K, 35% used [0x00000007ac760000,0x00000007b5d1eef0,0x00000007c6c20000)
  from space 389056K, 93% used [0x00000007e2160000,0x00000007f8312c30,0x00000007f9d50000)
  to   space 447744K, 0% used [0x00000007c6c20000,0x00000007c6c20000,0x00000007e2160000)
 ParOldGen       total 513984K, used 31691K [0x0000000705600000, 0x0000000724bf0000, 0x00000007ac760000)
  object space 513984K, 6% used [0x0000000705600000,0x00000007074f2f58,0x0000000724bf0000)
 PSPermGen       total 21248K, used 6028K [0x0000000700400000, 0x00000007018c0000, 0x0000000705600000)
  object space 21248K, 28% used [0x0000000700400000,0x00000007009e32e0,0x00000007018c0000)

Card table byte_map: [0x00007f4d3c801000,0x00007f4d3d000000] byte_map_base: 0x00007f4d38fff000

Polling page: 0x00007f4d47dcf000

Code Cache  [0x00007f4d3d000000, 0x00007f4d3d270000, 0x00007f4d40000000)
 total_blobs=298 nmethods=56 adapters=202 free_code_cache=48606Kb largest_free_block=49750784

Compilation events (10 events):
Event: 1,724 Thread 0x00007f4d40102000 nmethod 50 0x00007f4d3d07d050 code [0x00007f4d3d07d180, 0x00007f4d3d07d1f8]
Event: 1,724 Thread 0x00007f4d40102000   52             org.apache.directmemory.buffer.impl.ByteBufferPooledPartition::get (7 bytes)
Event: 1,724 Thread 0x00007f4d40102000 nmethod 52 0x00007f4d3d0855d0 code [0x00007f4d3d085720, 0x00007f4d3d0857f8]
Event: 1,724 Thread 0x00007f4d40102000   53             org.apache.directmemory.buffer.impl.ByteBufferPartitionSlice::free (21 bytes)
Event: 1,725 Thread 0x00007f4d40102000 nmethod 53 0x00007f4d3d086d90 code [0x00007f4d3d086ee0, 0x00007f4d3d086fc8]
Event: 1,731 Thread 0x00007f4d400ff000 nmethod 51 0x00007f4d3d086010 code [0x00007f4d3d0861a0, 0x00007f4d3d086868]
Event: 2,548 Thread 0x00007f4d40102000   54             org.apache.directmemory.buffer.impl.AbstractPooledPartition::available (16 bytes)
Event: 2,551 Thread 0x00007f4d40102000 nmethod 54 0x00007f4d3d081dd0 code [0x00007f4d3d081f40, 0x00007f4d3d082298]
Event: 2,836 Thread 0x00007f4d400ff000    2 % !         org.apache.directmemory.buffer.PartitionBufferTestCase::testAllocationBufferFull @ 181 (440 bytes)
Event: 2,842 Thread 0x00007f4d400ff000 nmethod 2% 0x00007f4d3d082a50 code [0x00007f4d3d082ce0, 0x00007f4d3d083598]

GC Heap History (10 events):
Event: 2,440 GC heap before
{Heap before GC invocations=19 (full 6):
 PSYoungGen      total 567744K, used 512552K [0x00000007ac760000, 0x00000007e5320000, 0x0000000800000000)
  eden space 283904K, 99% used [0x00000007ac760000,0x00000007bdc7f660,0x00000007bdca0000)
  from space 283840K, 80% used [0x00000007d0d50000,0x00000007decba9f0,0x00000007e2280000)
  to   space 312000K, 0% used [0x00000007bdca0000,0x00000007bdca0000,0x00000007d0d50000)
 ParOldGen       total 843072K, used 399315K [0x0000000705600000, 0x0000000738d50000, 0x00000007ac760000)
  object space 843072K, 47% used [0x0000000705600000,0x000000071dbf4fc8,0x0000000738d50000)
 PSPermGen       total 21248K, used 6026K [0x0000000700400000, 0x00000007018c0000, 0x0000000705600000)
  object space 21248K, 28% used [0x0000000700400000,0x00000007009e2a80,0x00000007018c0000)
Event: 2,532 GC heap after
Heap after GC invocations=19 (full 6):
 PSYoungGen      total 595904K, used 311820K [0x00000007ac760000, 0x00000007f09a0000, 0x0000000800000000)
  eden space 283904K, 0% used [0x00000007ac760000,0x00000007ac760000,0x00000007bdca0000)
  from space 312000K, 99% used [0x00000007bdca0000,0x00000007d0d23190,0x00000007d0d50000)
  to   space 364736K, 0% used [0x00000007da570000,0x00000007da570000,0x00000007f09a0000)
 ParOldGen       total 843072K, used 600026K [0x0000000705600000, 0x0000000738d50000, 0x00000007ac760000)
  object space 843072K, 71% used [0x0000000705600000,0x0000000729ff6ac8,0x0000000738d50000)
 PSPermGen       total 21248K, used 6026K [0x0000000700400000, 0x00000007018c0000, 0x0000000705600000)
  object space 21248K, 28% used [0x0000000700400000,0x00000007009e2a80,0x00000007018c0000)
}
Event: 2,571 GC heap before
{Heap before GC invocations=20 (full 6):
 PSYoungGen      total 595904K, used 595599K [0x00000007ac760000, 0x00000007f09a0000, 0x0000000800000000)
  eden space 283904K, 99% used [0x00000007ac760000,0x00000007bdc80c28,0x00000007bdca0000)
  from space 312000K, 99% used [0x00000007bdca0000,0x00000007d0d23190,0x00000007d0d50000)
  to   space 364736K, 0% used [0x00000007da570000,0x00000007da570000,0x00000007f09a0000)
 ParOldGen       total 843072K, used 600026K [0x0000000705600000, 0x0000000738d50000, 0x00000007ac760000)
  object space 843072K, 71% used [0x0000000705600000,0x0000000729ff6ac8,0x0000000738d50000)
 PSPermGen       total 21248K, used 6026K [0x0000000700400000, 0x00000007018c0000, 0x0000000705600000)
  object space 21248K, 28% used [0x0000000700400000,0x00000007009e2a80,0x00000007018c0000)
Event: 2,611 GC heap after
Heap after GC invocations=20 (full 6):
 PSYoungGen      total 727040K, used 264463K [0x00000007ac760000, 0x00000007f3a70000, 0x0000000800000000)
  eden space 362304K, 0% used [0x00000007ac760000,0x00000007ac760000,0x00000007c2930000)
  from space 364736K, 72% used [0x00000007da570000,0x00000007ea7b3f40,0x00000007f09a0000)
  to   space 389376K, 0% used [0x00000007c2930000,0x00000007c2930000,0x00000007da570000)
 ParOldGen       total 843072K, used 600026K [0x0000000705600000, 0x0000000738d50000, 0x00000007ac760000)
  object space 843072K, 71% used [0x0000000705600000,0x0000000729ff6ac8,0x0000000738d50000)
 PSPermGen       total 21248K, used 6026K [0x0000000700400000, 0x00000007018c0000, 0x0000000705600000)
  object space 21248K, 28% used [0x0000000700400000,0x00000007009e2a80,0x00000007018c0000)
}
Event: 2,656 GC heap before
{Heap before GC invocations=21 (full 6):
 PSYoungGen      total 727040K, used 626588K [0x00000007ac760000, 0x00000007f3a70000, 0x0000000800000000)
  eden space 362304K, 99% used [0x00000007ac760000,0x00000007c29032e0,0x00000007c2930000)
  from space 364736K, 72% used [0x00000007da570000,0x00000007ea7b3f40,0x00000007f09a0000)
  to   space 389376K, 0% used [0x00000007c2930000,0x00000007c2930000,0x00000007da570000)
 ParOldGen       total 843072K, used 600026K [0x0000000705600000, 0x0000000738d50000, 0x00000007ac760000)
  object space 843072K, 71% used [0x0000000705600000,0x0000000729ff6ac8,0x0000000738d50000)
 PSPermGen       total 21248K, used 6026K [0x0000000700400000, 0x00000007018c0000, 0x0000000705600000)
  object space 21248K, 28% used [0x0000000700400000,0x00000007009e2bc0,0x00000007018c0000)
Event: 2,676 GC heap after
Heap after GC invocations=21 (full 6):
 PSYoungGen      total 751680K, used 9280K [0x00000007ac760000, 0x00000007f9d50000, 0x0000000800000000)
  eden space 362304K, 0% used [0x00000007ac760000,0x00000007ac760000,0x00000007c2930000)
  from space 389376K, 2% used [0x00000007c2930000,0x00000007c3240160,0x00000007da570000)
  to   space 389056K, 0% used [0x00000007e2160000,0x00000007e2160000,0x00000007f9d50000)
 ParOldGen       total 843072K, used 704832K [0x0000000705600000, 0x0000000738d50000, 0x00000007ac760000)
  object space 843072K, 83% used [0x0000000705600000,0x0000000730650318,0x0000000738d50000)
 PSPermGen       total 21248K, used 6026K [0x0000000700400000, 0x00000007018c0000, 0x0000000705600000)
  object space 21248K, 28% used [0x0000000700400000,0x00000007009e2bc0,0x00000007018c0000)
}
Event: 2,676 GC heap before
{Heap before GC invocations=22 (full 7):
 PSYoungGen      total 751680K, used 9280K [0x00000007ac760000, 0x00000007f9d50000, 0x0000000800000000)
  eden space 362304K, 0% used [0x00000007ac760000,0x00000007ac760000,0x00000007c2930000)
  from space 389376K, 2% used [0x00000007c2930000,0x00000007c3240160,0x00000007da570000)
  to   space 389056K, 0% used [0x00000007e2160000,0x00000007e2160000,0x00000007f9d50000)
 ParOldGen       total 843072K, used 704832K [0x0000000705600000, 0x0000000738d50000, 0x00000007ac760000)
  object space 843072K, 83% used [0x0000000705600000,0x0000000730650318,0x0000000738d50000)
 PSPermGen       total 21248K, used 6026K [0x0000000700400000, 0x00000007018c0000, 0x0000000705600000)
  object space 21248K, 28% used [0x0000000700400000,0x00000007009e2bc0,0x00000007018c0000)
Event: 2,706 GC heap after
Heap after GC invocations=22 (full 7):
 PSYoungGen      total 751680K, used 0K [0x00000007ac760000, 0x00000007f9d50000, 0x0000000800000000)
  eden space 362304K, 0% used [0x00000007ac760000,0x00000007ac760000,0x00000007c2930000)
  from space 389376K, 0% used [0x00000007c2930000,0x00000007c2930000,0x00000007da570000)
  to   space 389056K, 0% used [0x00000007e2160000,0x00000007e2160000,0x00000007f9d50000)
 ParOldGen       total 513984K, used 31691K [0x0000000705600000, 0x0000000724bf0000, 0x00000007ac760000)
  object space 513984K, 6% used [0x0000000705600000,0x00000007074f2f58,0x0000000724bf0000)
 PSPermGen       total 21248K, used 6026K [0x0000000700400000, 0x00000007018c0000, 0x0000000705600000)
  object space 21248K, 28% used [0x0000000700400000,0x00000007009e2bc0,0x00000007018c0000)
}
Event: 2,752 GC heap before
{Heap before GC invocations=23 (full 7):
 PSYoungGen      total 751680K, used 362145K [0x00000007ac760000, 0x00000007f9d50000, 0x0000000800000000)
  eden space 362304K, 99% used [0x00000007ac760000,0x00000007c2908728,0x00000007c2930000)
  from space 389376K, 0% used [0x00000007c2930000,0x00000007c2930000,0x00000007da570000)
  to   space 389056K, 0% used [0x00000007e2160000,0x00000007e2160000,0x00000007f9d50000)
 ParOldGen       total 513984K, used 31691K [0x0000000705600000, 0x0000000724bf0000, 0x00000007ac760000)
  object space 513984K, 6% used [0x0000000705600000,0x00000007074f2f58,0x0000000724bf0000)
 PSPermGen       total 21248K, used 6026K [0x0000000700400000, 0x00000007018c0000, 0x0000000705600000)
  object space 21248K, 28% used [0x0000000700400000,0x00000007009e2bc0,0x00000007018c0000)
Event: 2,813 GC heap after
Heap after GC invocations=23 (full 7):
 PSYoungGen      total 819904K, used 362187K [0x00000007ac760000, 0x0000000800000000, 0x0000000800000000)
  eden space 430848K, 0% used [0x00000007ac760000,0x00000007ac760000,0x00000007c6c20000)
  from space 389056K, 93% used [0x00000007e2160000,0x00000007f8312c30,0x00000007f9d50000)
  to   space 447744K, 0% used [0x00000007c6c20000,0x00000007c6c20000,0x00000007e2160000)
 ParOldGen       total 513984K, used 31691K [0x0000000705600000, 0x0000000724bf0000, 0x00000007ac760000)
  object space 513984K, 6% used [0x0000000705600000,0x00000007074f2f58,0x0000000724bf0000)
 PSPermGen       total 21248K, used 6026K [0x0000000700400000, 0x00000007018c0000, 0x0000000705600000)
  object space 21248K, 28% used [0x0000000700400000,0x00000007009e2bc0,0x00000007018c0000)
}

Deoptimization events (1 events):
Event: 1,005 Thread 0x00007f4d4000b800 Uncommon trap -83 fr.pc 0x00007f4d3d072944

Internal exceptions (10 events):
Event: 2,075 Thread 0x00007f4d4000b800 Threw 0x00000007ac7e28d8 at /HUDSON/workspace/jdk7u25-2-build-linux-amd64-product/jdk7u25/hotspot/src/share/vm/runtime/reflection.c
Event: 2,078 Thread 0x00007f4d4000b800 Threw 0x00000007adc7c990 at /HUDSON/workspace/jdk7u25-2-build-linux-amd64-product/jdk7u25/hotspot/src/share/vm/runtime/reflection.c
Event: 2,080 Thread 0x00007f4d4000b800 Threw 0x00000007ae694dc8 at /HUDSON/workspace/jdk7u25-2-build-linux-amd64-product/jdk7u25/hotspot/src/share/vm/runtime/reflection.c
Event: 2,357 Thread 0x00007f4d4000b800 Threw 0x00000007b3779990 at /HUDSON/workspace/jdk7u25-2-build-linux-amd64-product/jdk7u25/hotspot/src/share/vm/runtime/reflection.c
Event: 2,548 Thread 0x00007f4d4000b800 Threw 0x00000007b066c0f0 at /HUDSON/workspace/jdk7u25-2-build-linux-amd64-product/jdk7u25/hotspot/src/share/vm/runtime/reflection.c
Event: 2,550 Thread 0x00007f4d4000b800 Threw 0x00000007b3bc3a50 at /HUDSON/workspace/jdk7u25-2-build-linux-amd64-product/jdk7u25/hotspot/src/share/vm/runtime/reflection.c
Event: 2,551 Thread 0x00007f4d4000b800 Threw 0x00000007b419bf48 at /HUDSON/workspace/jdk7u25-2-build-linux-amd64-product/jdk7u25/hotspot/src/share/vm/runtime/reflection.c
Event: 2,655 Thread 0x00007f4d4000b800 Threw 0x00000007c176c870 at /HUDSON/workspace/jdk7u25-2-build-linux-amd64-product/jdk7u25/hotspot/src/share/vm/runtime/reflection.c
Event: 2,832 Thread 0x00007f4d4000b800 Threw 0x00000007b3a6fb48 at /HUDSON/workspace/jdk7u25-2-build-linux-amd64-product/jdk7u25/hotspot/src/share/vm/runtime/reflection.c
Event: 2,834 Thread 0x00007f4d4000b800 Threw 0x00000007b5306bc8 at /HUDSON/workspace/jdk7u25-2-build-linux-amd64-product/jdk7u25/hotspot/src/share/vm/runtime/reflection.c

Events (10 events):
Event: 2,655 Thread 0x00007f4d4000b800 DEOPT PACKING pc=0x00007f4d3d079a8c sp=0x00007f4d47da96e0
Event: 2,655 Thread 0x00007f4d4000b800 DEOPT UNPACKING pc=0x00007f4d3d038f0f sp=0x00007f4d47da9370 mode 1
Event: 2,656 Executing VM operation: ParallelGCFailedAllocation
Event: 2,706 Executing VM operation: ParallelGCFailedAllocation done
Event: 2,752 Executing VM operation: ParallelGCFailedAllocation
Event: 2,813 Executing VM operation: ParallelGCFailedAllocation done
Event: 2,832 Thread 0x00007f4d4000b800 DEOPT PACKING pc=0x00007f4d3d079a8c sp=0x00007f4d47da96f0
Event: 2,832 Thread 0x00007f4d4000b800 DEOPT UNPACKING pc=0x00007f4d3d038f0f sp=0x00007f4d47da9380 mode 1
Event: 2,834 Thread 0x00007f4d4000b800 DEOPT PACKING pc=0x00007f4d3d079a8c sp=0x00007f4d47da96e0
Event: 2,834 Thread 0x00007f4d4000b800 DEOPT UNPACKING pc=0x00007f4d3d038f0f sp=0x00007f4d47da9370 mode 1


Dynamic libraries:
00400000-00401000 r-xp 00000000 08:13 26484357                           /usr/lib/jvm/java-7-oracle/bin/java
00600000-00601000 rw-p 00000000 08:13 26484357                           /usr/lib/jvm/java-7-oracle/bin/java
01c6c000-01c8d000 rw-p 00000000 00:00 0                                  [heap]
700400000-7018c0000 rw-p 00000000 00:00 0 
7018c0000-705600000 rw-p 00000000 00:00 0 
705600000-724bf0000 rw-p 00000000 00:00 0 
724bf0000-738d50000 ---p 00000000 00:00 0 
738d50000-7ac760000 rw-p 00000000 00:00 0 
7ac760000-800000000 rw-p 00000000 00:00 0 
7f4c6e9a1000-7f4c6e9b8000 r-xp 00000000 08:13 5507831                    /tmp/jna-engelbert/jna109639514762217480.tmp (deleted)
7f4c6e9b8000-7f4c6ebb8000 ---p 00017000 08:13 5507831                    /tmp/jna-engelbert/jna109639514762217480.tmp (deleted)
7f4c6ebb8000-7f4c6ebb9000 r--p 00017000 08:13 5507831                    /tmp/jna-engelbert/jna109639514762217480.tmp (deleted)
7f4c6ebb9000-7f4c6ebba000 rw-p 00018000 08:13 5507831                    /tmp/jna-engelbert/jna109639514762217480.tmp (deleted)
7f4c6ebba000-7f4c6ebbf000 r-xp 00000000 08:13 25172588                   /usr/lib/x86_64-linux-gnu/libXdmcp.so.6.0.0
7f4c6ebbf000-7f4c6edbe000 ---p 00005000 08:13 25172588                   /usr/lib/x86_64-linux-gnu/libXdmcp.so.6.0.0
7f4c6edbe000-7f4c6edbf000 r--p 00004000 08:13 25172588                   /usr/lib/x86_64-linux-gnu/libXdmcp.so.6.0.0
7f4c6edbf000-7f4c6edc0000 rw-p 00005000 08:13 25172588                   /usr/lib/x86_64-linux-gnu/libXdmcp.so.6.0.0
7f4c6edc0000-7f4c6edc2000 r-xp 00000000 08:13 25172577                   /usr/lib/x86_64-linux-gnu/libXau.so.6.0.0
7f4c6edc2000-7f4c6efc2000 ---p 00002000 08:13 25172577                   /usr/lib/x86_64-linux-gnu/libXau.so.6.0.0
7f4c6efc2000-7f4c6efc3000 r--p 00002000 08:13 25172577                   /usr/lib/x86_64-linux-gnu/libXau.so.6.0.0
7f4c6efc3000-7f4c6efc4000 rw-p 00003000 08:13 25172577                   /usr/lib/x86_64-linux-gnu/libXau.so.6.0.0
7f4c6efc4000-7f4c6efe1000 r-xp 00000000 08:13 25167751                   /usr/lib/x86_64-linux-gnu/libxcb.so.1.1.0
7f4c6efe1000-7f4c6f1e0000 ---p 0001d000 08:13 25167751                   /usr/lib/x86_64-linux-gnu/libxcb.so.1.1.0
7f4c6f1e0000-7f4c6f1e1000 r--p 0001c000 08:13 25167751                   /usr/lib/x86_64-linux-gnu/libxcb.so.1.1.0
7f4c6f1e1000-7f4c6f1e2000 rw-p 0001d000 08:13 25167751                   /usr/lib/x86_64-linux-gnu/libxcb.so.1.1.0
7f4c6f1e2000-7f4c6f1f0000 r-xp 00000000 08:13 25167835                   /usr/lib/x86_64-linux-gnu/libXi.so.6.1.0
7f4c6f1f0000-7f4c6f3ef000 ---p 0000e000 08:13 25167835                   /usr/lib/x86_64-linux-gnu/libXi.so.6.1.0
7f4c6f3ef000-7f4c6f3f0000 r--p 0000d000 08:13 25167835                   /usr/lib/x86_64-linux-gnu/libXi.so.6.1.0
7f4c6f3f0000-7f4c6f3f1000 rw-p 0000e000 08:13 25167835                   /usr/lib/x86_64-linux-gnu/libXi.so.6.1.0
7f4c6f3f1000-7f4c6f3f6000 r-xp 00000000 08:13 25167857                   /usr/lib/x86_64-linux-gnu/libXtst.so.6.1.0
7f4c6f3f6000-7f4c6f5f5000 ---p 00005000 08:13 25167857                   /usr/lib/x86_64-linux-gnu/libXtst.so.6.1.0
7f4c6f5f5000-7f4c6f5f6000 r--p 00004000 08:13 25167857                   /usr/lib/x86_64-linux-gnu/libXtst.so.6.1.0
7f4c6f5f6000-7f4c6f5f7000 rw-p 00005000 08:13 25167857                   /usr/lib/x86_64-linux-gnu/libXtst.so.6.1.0
7f4c6f5f7000-7f4c6f600000 r-xp 00000000 08:13 25167748                   /usr/lib/x86_64-linux-gnu/libXrender.so.1.3.0
7f4c6f600000-7f4c6f7ff000 ---p 00009000 08:13 25167748                   /usr/lib/x86_64-linux-gnu/libXrender.so.1.3.0
7f4c6f7ff000-7f4c6f800000 r--p 00008000 08:13 25167748                   /usr/lib/x86_64-linux-gnu/libXrender.so.1.3.0
7f4c6f800000-7f4c6f801000 rw-p 00009000 08:13 25167748                   /usr/lib/x86_64-linux-gnu/libXrender.so.1.3.0
7f4c6f801000-7f4c6f935000 r-xp 00000000 08:13 25167770                   /usr/lib/x86_64-linux-gnu/libX11.so.6.3.0
7f4c6f935000-7f4c6fb35000 ---p 00134000 08:13 25167770                   /usr/lib/x86_64-linux-gnu/libX11.so.6.3.0
7f4c6fb35000-7f4c6fb36000 r--p 00134000 08:13 25167770                   /usr/lib/x86_64-linux-gnu/libX11.so.6.3.0
7f4c6fb36000-7f4c6fb3b000 rw-p 00135000 08:13 25167770                   /usr/lib/x86_64-linux-gnu/libX11.so.6.3.0
7f4c6fb3b000-7f4c6fb4c000 r-xp 00000000 08:13 25167774                   /usr/lib/x86_64-linux-gnu/libXext.so.6.4.0
7f4c6fb4c000-7f4c6fd4b000 ---p 00011000 08:13 25167774                   /usr/lib/x86_64-linux-gnu/libXext.so.6.4.0
7f4c6fd4b000-7f4c6fd4c000 r--p 00010000 08:13 25167774                   /usr/lib/x86_64-linux-gnu/libXext.so.6.4.0
7f4c6fd4c000-7f4c6fd4d000 rw-p 00011000 08:13 25167774                   /usr/lib/x86_64-linux-gnu/libXext.so.6.4.0
7f4c6fd4d000-7f4c6fd9d000 r-xp 00000000 08:13 27143450                   /usr/lib/jvm/java-7-oracle/jre/lib/amd64/xawt/libmawt.so
7f4c6fd9d000-7f4c6ff9d000 ---p 00050000 08:13 27143450                   /usr/lib/jvm/java-7-oracle/jre/lib/amd64/xawt/libmawt.so
7f4c6ff9d000-7f4c6ffa1000 rw-p 00050000 08:13 27143450                   /usr/lib/jvm/java-7-oracle/jre/lib/amd64/xawt/libmawt.so
7f4c6ffa1000-7f4c6ffa2000 rw-p 00000000 00:00 0 
7f4c6ffa2000-7f4c70045000 r-xp 00000000 08:13 26746119                   /usr/lib/jvm/java-7-oracle/jre/lib/amd64/libawt.so
7f4c70045000-7f4c70245000 ---p 000a3000 08:13 26746119                   /usr/lib/jvm/java-7-oracle/jre/lib/amd64/libawt.so
7f4c70245000-7f4c70251000 rw-p 000a3000 08:13 26746119                   /usr/lib/jvm/java-7-oracle/jre/lib/amd64/libawt.so
7f4c70251000-7f4c70275000 rw-p 00000000 00:00 0 
7f4c70a95000-7f4c70c9d000 rw-p 00000000 00:00 0 
7f4c8fa71000-7f4c90485000 rw-p 00000000 00:00 0 
7f4caf62d000-7f4cb0159000 rw-p 00000000 00:00 0 
7f4cec000000-7f4cec021000 rw-p 00000000 00:00 0 
7f4cec021000-7f4cf0000000 ---p 00000000 00:00 0 
7f4cf0000000-7f4cf0021000 rw-p 00000000 00:00 0 
7f4cf0021000-7f4cf4000000 ---p 00000000 00:00 0 
7f4cf4000000-7f4cf41d7000 rw-p 00000000 00:00 0 
7f4cf41d7000-7f4cf8000000 ---p 00000000 00:00 0 
7f4cf8000000-7f4cf8021000 rw-p 00000000 00:00 0 
7f4cf8021000-7f4cfc000000 ---p 00000000 00:00 0 
7f4cfc000000-7f4cfc021000 rw-p 00000000 00:00 0 
7f4cfc021000-7f4d00000000 ---p 00000000 00:00 0 
7f4d00000000-7f4d00433000 rw-p 00000000 00:00 0 
7f4d00433000-7f4d04000000 ---p 00000000 00:00 0 
7f4d04000000-7f4d04021000 rw-p 00000000 00:00 0 
7f4d04021000-7f4d08000000 ---p 00000000 00:00 0 
7f4d08000000-7f4d08021000 rw-p 00000000 00:00 0 
7f4d08021000-7f4d0c000000 ---p 00000000 00:00 0 
7f4d0c000000-7f4d0c021000 rw-p 00000000 00:00 0 
7f4d0c021000-7f4d10000000 ---p 00000000 00:00 0 
7f4d10000000-7f4d10021000 rw-p 00000000 00:00 0 
7f4d10021000-7f4d14000000 ---p 00000000 00:00 0 
7f4d14000000-7f4d14021000 rw-p 00000000 00:00 0 
7f4d14021000-7f4d18000000 ---p 00000000 00:00 0 
7f4d18020000-7f4d20000000 rw-p 00000000 00:00 0 
7f4d20000000-7f4d20021000 rw-p 00000000 00:00 0 
7f4d20021000-7f4d24000000 ---p 00000000 00:00 0 
7f4d24000000-7f4d24021000 rw-p 00000000 00:00 0 
7f4d24021000-7f4d28000000 ---p 00000000 00:00 0 
7f4d28000000-7f4d28021000 rw-p 00000000 00:00 0 
7f4d28021000-7f4d2c000000 ---p 00000000 00:00 0 
7f4d30000000-7f4d30021000 rw-p 00000000 00:00 0 
7f4d30021000-7f4d34000000 ---p 00000000 00:00 0 
7f4d3402e000-7f4d34031000 ---p 00000000 00:00 0 
7f4d34031000-7f4d3412f000 rw-p 00000000 00:00 0                          [stack:7115]
7f4d3412f000-7f4d34144000 r-xp 00000000 08:13 26746104                   /usr/lib/jvm/java-7-oracle/jre/lib/amd64/libnet.so
7f4d34144000-7f4d34344000 ---p 00015000 08:13 26746104                   /usr/lib/jvm/java-7-oracle/jre/lib/amd64/libnet.so
7f4d34344000-7f4d34345000 rw-p 00015000 08:13 26746104                   /usr/lib/jvm/java-7-oracle/jre/lib/amd64/libnet.so
7f4d34345000-7f4d34346000 ---p 00000000 00:00 0 
7f4d34346000-7f4d34446000 rw-p 00000000 00:00 0                          [stack:7114]
7f4d34446000-7f4d34449000 ---p 00000000 00:00 0 
7f4d34449000-7f4d34547000 rw-p 00000000 00:00 0                          [stack:7113]
7f4d34547000-7f4d3454a000 ---p 00000000 00:00 0 
7f4d3454a000-7f4d34648000 rw-p 00000000 00:00 0                          [stack:7112]
7f4d34648000-7f4d3464b000 ---p 00000000 00:00 0 
7f4d3464b000-7f4d34749000 rw-p 00000000 00:00 0                          [stack:7111]
7f4d34749000-7f4d3474c000 ---p 00000000 00:00 0 
7f4d3474c000-7f4d3484a000 rw-p 00000000 00:00 0                          [stack:7109]
7f4d3484a000-7f4d3484d000 ---p 00000000 00:00 0 
7f4d3484d000-7f4d3494b000 rw-p 00000000 00:00 0                          [stack:7108]
7f4d3494b000-7f4d3494e000 ---p 00000000 00:00 0 
7f4d3494e000-7f4d34a4c000 rw-p 00000000 00:00 0                          [stack:7105]
7f4d34a4c000-7f4d34a50000 r-xp 00000000 08:13 26746116                   /usr/lib/jvm/java-7-oracle/jre/lib/amd64/libdt_socket.so
7f4d34a50000-7f4d34c4f000 ---p 00004000 08:13 26746116                   /usr/lib/jvm/java-7-oracle/jre/lib/amd64/libdt_socket.so
7f4d34c4f000-7f4d34c50000 rw-p 00003000 08:13 26746116                   /usr/lib/jvm/java-7-oracle/jre/lib/amd64/libdt_socket.so
7f4d34c50000-7f4d34c53000 ---p 00000000 00:00 0 
7f4d34c53000-7f4d34d51000 rw-p 00000000 00:00 0                          [stack:7103]
7f4d34d51000-7f4d34d54000 ---p 00000000 00:00 0 
7f4d34d54000-7f4d34e52000 rw-p 00000000 00:00 0                          [stack:7102]
7f4d34e52000-7f4d34e55000 ---p 00000000 00:00 0 
7f4d34e55000-7f4d34f53000 rw-p 00000000 00:00 0                          [stack:7101]
7f4d34f53000-7f4d34f54000 ---p 00000000 00:00 0 
7f4d34f54000-7f4d38000000 rw-p 00000000 00:00 0                          [stack:7100]
7f4d38000000-7f4d38021000 rw-p 00000000 00:00 0 
7f4d38021000-7f4d3c000000 ---p 00000000 00:00 0 
7f4d3c06a000-7f4d3c10b000 rw-p 00000000 00:00 0 
7f4d3c10b000-7f4d3c2c8000 r--s 039f9000 08:13 26614756                   /usr/lib/jvm/java-7-oracle/jre/lib/rt.jar
7f4d3c2c8000-7f4d3c3c3000 rw-p 00000000 00:00 0 
7f4d3c3c3000-7f4d3c464000 ---p 00000000 00:00 0 
7f4d3c464000-7f4d3c801000 rw-p 00000000 00:00 0 
7f4d3c801000-7f4d3c80c000 rw-p 00000000 00:00 0 
7f4d3c80c000-7f4d3c82a000 rw-p 00000000 00:00 0 
7f4d3c82a000-7f4d3c925000 rw-p 00000000 00:00 0 
7f4d3c925000-7f4d3c9c6000 ---p 00000000 00:00 0 
7f4d3c9c6000-7f4d3cd62000 rw-p 00000000 00:00 0 
7f4d3cd62000-7f4d3cfff000 rw-p 00000000 00:00 0 
7f4d3cfff000-7f4d3d000000 rw-p 00000000 00:00 0 
7f4d3d000000-7f4d3d270000 rwxp 00000000 00:00 0 
7f4d3d270000-7f4d403bc000 rw-p 00000000 00:00 0 
7f4d403bc000-7f4d44000000 ---p 00000000 00:00 0 
7f4d44022000-7f4d4404a000 rw-p 00000000 00:00 0 
7f4d4404a000-7f4d4404b000 ---p 00000000 00:00 0 
7f4d4404b000-7f4d4414b000 rw-p 00000000 00:00 0                          [stack:7098]
7f4d4414b000-7f4d4414c000 ---p 00000000 00:00 0 
7f4d4414c000-7f4d4424c000 rw-p 00000000 00:00 0                          [stack:7097]
7f4d4424c000-7f4d4424d000 ---p 00000000 00:00 0 
7f4d4424d000-7f4d4434d000 rw-p 00000000 00:00 0                          [stack:7096]
7f4d4434d000-7f4d4434e000 ---p 00000000 00:00 0 
7f4d4434e000-7f4d44459000 rw-p 00000000 00:00 0                          [stack:7095]
7f4d44459000-7f4d44477000 rw-p 00000000 00:00 0 
7f4d44477000-7f4d44492000 r-xp 00000000 08:13 26746100                   /usr/lib/jvm/java-7-oracle/jre/lib/amd64/libzip.so
7f4d44492000-7f4d44691000 ---p 0001b000 08:13 26746100                   /usr/lib/jvm/java-7-oracle/jre/lib/amd64/libzip.so
7f4d44691000-7f4d44692000 rw-p 0001a000 08:13 26746100                   /usr/lib/jvm/java-7-oracle/jre/lib/amd64/libzip.so
7f4d44692000-7f4d4469e000 r-xp 00000000 08:13 17698557                   /lib/x86_64-linux-gnu/libnss_files-2.15.so
7f4d4469e000-7f4d4489d000 ---p 0000c000 08:13 17698557                   /lib/x86_64-linux-gnu/libnss_files-2.15.so
7f4d4489d000-7f4d4489e000 r--p 0000b000 08:13 17698557                   /lib/x86_64-linux-gnu/libnss_files-2.15.so
7f4d4489e000-7f4d4489f000 rw-p 0000c000 08:13 17698557                   /lib/x86_64-linux-gnu/libnss_files-2.15.so
7f4d4489f000-7f4d448a9000 r-xp 00000000 08:13 17694832                   /lib/x86_64-linux-gnu/libnss_nis-2.15.so
7f4d448a9000-7f4d44aa9000 ---p 0000a000 08:13 17694832                   /lib/x86_64-linux-gnu/libnss_nis-2.15.so
7f4d44aa9000-7f4d44aaa000 r--p 0000a000 08:13 17694832                   /lib/x86_64-linux-gnu/libnss_nis-2.15.so
7f4d44aaa000-7f4d44aab000 rw-p 0000b000 08:13 17694832                   /lib/x86_64-linux-gnu/libnss_nis-2.15.so
7f4d44aab000-7f4d44ac2000 r-xp 00000000 08:13 17698567                   /lib/x86_64-linux-gnu/libnsl-2.15.so
7f4d44ac2000-7f4d44cc1000 ---p 00017000 08:13 17698567                   /lib/x86_64-linux-gnu/libnsl-2.15.so
7f4d44cc1000-7f4d44cc2000 r--p 00016000 08:13 17698567                   /lib/x86_64-linux-gnu/libnsl-2.15.so
7f4d44cc2000-7f4d44cc3000 rw-p 00017000 08:13 17698567                   /lib/x86_64-linux-gnu/libnsl-2.15.so
7f4d44cc3000-7f4d44cc5000 rw-p 00000000 00:00 0 
7f4d44cc5000-7f4d44ccd000 r-xp 00000000 08:13 17698571                   /lib/x86_64-linux-gnu/libnss_compat-2.15.so
7f4d44ccd000-7f4d44ecc000 ---p 00008000 08:13 17698571                   /lib/x86_64-linux-gnu/libnss_compat-2.15.so
7f4d44ecc000-7f4d44ecd000 r--p 00007000 08:13 17698571                   /lib/x86_64-linux-gnu/libnss_compat-2.15.so
7f4d44ecd000-7f4d44ece000 rw-p 00008000 08:13 17698571                   /lib/x86_64-linux-gnu/libnss_compat-2.15.so
7f4d44ece000-7f4d4571f000 r--p 00000000 08:13 25171488                   /usr/lib/locale/locale-archive
7f4d4571f000-7f4d45722000 r-xp 00000000 08:13 26746067                   /usr/lib/jvm/java-7-oracle/jre/lib/amd64/libnpt.so
7f4d45722000-7f4d45921000 ---p 00003000 08:13 26746067                   /usr/lib/jvm/java-7-oracle/jre/lib/amd64/libnpt.so
7f4d45921000-7f4d45922000 rw-p 00002000 08:13 26746067                   /usr/lib/jvm/java-7-oracle/jre/lib/amd64/libnpt.so
7f4d45922000-7f4d4595b000 r-xp 00000000 08:13 26746122                   /usr/lib/jvm/java-7-oracle/jre/lib/amd64/libjdwp.so
7f4d4595b000-7f4d45b5a000 ---p 00039000 08:13 26746122                   /usr/lib/jvm/java-7-oracle/jre/lib/amd64/libjdwp.so
7f4d45b5a000-7f4d45b5c000 rw-p 00038000 08:13 26746122                   /usr/lib/jvm/java-7-oracle/jre/lib/amd64/libjdwp.so
7f4d45b5c000-7f4d45b85000 r-xp 00000000 08:13 26746110                   /usr/lib/jvm/java-7-oracle/jre/lib/amd64/libjava.so
7f4d45b85000-7f4d45d85000 ---p 00029000 08:13 26746110                   /usr/lib/jvm/java-7-oracle/jre/lib/amd64/libjava.so
7f4d45d85000-7f4d45d87000 rw-p 00029000 08:13 26746110                   /usr/lib/jvm/java-7-oracle/jre/lib/amd64/libjava.so
7f4d45d87000-7f4d45d94000 r-xp 00000000 08:13 26746101                   /usr/lib/jvm/java-7-oracle/jre/lib/amd64/libverify.so
7f4d45d94000-7f4d45f93000 ---p 0000d000 08:13 26746101                   /usr/lib/jvm/java-7-oracle/jre/lib/amd64/libverify.so
7f4d45f93000-7f4d45f95000 rw-p 0000c000 08:13 26746101                   /usr/lib/jvm/java-7-oracle/jre/lib/amd64/libverify.so
7f4d45f95000-7f4d45f9c000 r-xp 00000000 08:13 17698559                   /lib/x86_64-linux-gnu/librt-2.15.so
7f4d45f9c000-7f4d4619b000 ---p 00007000 08:13 17698559                   /lib/x86_64-linux-gnu/librt-2.15.so
7f4d4619b000-7f4d4619c000 r--p 00006000 08:13 17698559                   /lib/x86_64-linux-gnu/librt-2.15.so
7f4d4619c000-7f4d4619d000 rw-p 00007000 08:13 17698559                   /lib/x86_64-linux-gnu/librt-2.15.so
7f4d4619d000-7f4d46298000 r-xp 00000000 08:13 17698568                   /lib/x86_64-linux-gnu/libm-2.15.so
7f4d46298000-7f4d46497000 ---p 000fb000 08:13 17698568                   /lib/x86_64-linux-gnu/libm-2.15.so
7f4d46497000-7f4d46498000 r--p 000fa000 08:13 17698568                   /lib/x86_64-linux-gnu/libm-2.15.so
7f4d46498000-7f4d46499000 rw-p 000fb000 08:13 17698568                   /lib/x86_64-linux-gnu/libm-2.15.so
7f4d46499000-7f4d46eda000 r-xp 00000000 08:13 27006005                   /usr/lib/jvm/java-7-oracle/jre/lib/amd64/server/libjvm.so
7f4d46eda000-7f4d470da000 ---p 00a41000 08:13 27006005                   /usr/lib/jvm/java-7-oracle/jre/lib/amd64/server/libjvm.so
7f4d470da000-7f4d4717d000 rw-p 00a41000 08:13 27006005                   /usr/lib/jvm/java-7-oracle/jre/lib/amd64/server/libjvm.so
7f4d4717d000-7f4d471b9000 rw-p 00000000 00:00 0 
7f4d471b9000-7f4d4736e000 r-xp 00000000 08:13 17698572                   /lib/x86_64-linux-gnu/libc-2.15.so
7f4d4736e000-7f4d4756d000 ---p 001b5000 08:13 17698572                   /lib/x86_64-linux-gnu/libc-2.15.so
7f4d4756d000-7f4d47571000 r--p 001b4000 08:13 17698572                   /lib/x86_64-linux-gnu/libc-2.15.so
7f4d47571000-7f4d47573000 rw-p 001b8000 08:13 17698572                   /lib/x86_64-linux-gnu/libc-2.15.so
7f4d47573000-7f4d47578000 rw-p 00000000 00:00 0 
7f4d47578000-7f4d4757a000 r-xp 00000000 08:13 17698570                   /lib/x86_64-linux-gnu/libdl-2.15.so
7f4d4757a000-7f4d4777a000 ---p 00002000 08:13 17698570                   /lib/x86_64-linux-gnu/libdl-2.15.so
7f4d4777a000-7f4d4777b000 r--p 00002000 08:13 17698570                   /lib/x86_64-linux-gnu/libdl-2.15.so
7f4d4777b000-7f4d4777c000 rw-p 00003000 08:13 17698570                   /lib/x86_64-linux-gnu/libdl-2.15.so
7f4d4777c000-7f4d47792000 r-xp 00000000 08:13 27270047                   /usr/lib/jvm/java-7-oracle/jre/lib/amd64/jli/libjli.so
7f4d47792000-7f4d47992000 ---p 00016000 08:13 27270047                   /usr/lib/jvm/java-7-oracle/jre/lib/amd64/jli/libjli.so
7f4d47992000-7f4d47993000 rw-p 00016000 08:13 27270047                   /usr/lib/jvm/java-7-oracle/jre/lib/amd64/jli/libjli.so
7f4d47993000-7f4d479ab000 r-xp 00000000 08:13 17698555                   /lib/x86_64-linux-gnu/libpthread-2.15.so
7f4d479ab000-7f4d47baa000 ---p 00018000 08:13 17698555                   /lib/x86_64-linux-gnu/libpthread-2.15.so
7f4d47baa000-7f4d47bab000 r--p 00017000 08:13 17698555                   /lib/x86_64-linux-gnu/libpthread-2.15.so
7f4d47bab000-7f4d47bac000 rw-p 00018000 08:13 17698555                   /lib/x86_64-linux-gnu/libpthread-2.15.so
7f4d47bac000-7f4d47bb0000 rw-p 00000000 00:00 0 
7f4d47bb0000-7f4d47bd2000 r-xp 00000000 08:13 17698560                   /lib/x86_64-linux-gnu/ld-2.15.so
7f4d47bdc000-7f4d47bdd000 rw-p 00000000 00:00 0 
7f4d47bdd000-7f4d47bde000 rwxp 00000000 00:00 0 
7f4d47bde000-7f4d47be0000 r--s 00002000 08:13 8126614                    /home/engelbert/.m2/repository/geronimo-spec/geronimo-spec-jta/1.0.1B-rc4/geronimo-spec-jta-1.0.1B-rc4.jar
7f4d47be0000-7f4d47be3000 r--s 0000f000 08:13 27793910                   /home/engelbert/.m2/repository/com/carrotsearch/junit-benchmarks/0.7.0/junit-benchmarks-0.7.0.jar
7f4d47be3000-7f4d47be5000 r--s 00009000 08:13 28316013                   /home/engelbert/.m2/repository/org/hamcrest/hamcrest-core/1.3/hamcrest-core-1.3.jar
7f4d47be5000-7f4d47beb000 r--s 00036000 08:13 28182513                   /home/engelbert/.m2/repository/junit/junit/4.11/junit-4.11.jar
7f4d47beb000-7f4d47bf5000 rw-p 00000000 00:00 0 
7f4d47bf5000-7f4d47cab000 rw-p 00000000 00:00 0 
7f4d47cab000-7f4d47cae000 ---p 00000000 00:00 0 
7f4d47cae000-7f4d47db0000 rw-p 00000000 00:00 0                          [stack:7094]
7f4d47db0000-7f4d47db1000 r--p 00000000 00:00 0 
7f4d47db1000-7f4d47db5000 r--s 0008a000 08:13 26614776                   /usr/lib/jvm/java-7-oracle/jre/lib/jsse.jar
7f4d47db5000-7f4d47dc0000 r--s 000de000 08:13 25430711                   /home/engelbert/.m2/repository/net/java/dev/jna/platform/3.5.1/platform-3.5.1.jar
7f4d47dc0000-7f4d47dc4000 r--s 000a6000 08:13 25176319                   /home/engelbert/.m2/repository/net/java/dev/jna/jna/3.5.1/jna-3.5.1.jar
7f4d47dc4000-7f4d47dc6000 r--s 00005000 08:13 26088170                   /home/engelbert/.m2/repository/org/slf4j/slf4j-api/1.7.5/slf4j-api-1.7.5.jar
7f4d47dc6000-7f4d47dce000 rw-s 00000000 08:13 6030584                    /tmp/hsperfdata_engelbert/7087
7f4d47dce000-7f4d47dcf000 rw-p 00000000 00:00 0 
7f4d47dcf000-7f4d47dd0000 r--p 00000000 00:00 0 
7f4d47dd0000-7f4d47dd2000 rw-p 00000000 00:00 0 
7f4d47dd2000-7f4d47dd3000 r--p 00022000 08:13 17698560                   /lib/x86_64-linux-gnu/ld-2.15.so
7f4d47dd3000-7f4d47dd5000 rw-p 00023000 08:13 17698560                   /lib/x86_64-linux-gnu/ld-2.15.so
7fff2d6f3000-7fff2d714000 rw-p 00000000 00:00 0                          [stack]
7fff2d7ff000-7fff2d800000 r-xp 00000000 00:00 0                          [vdso]
ffffffffff600000-ffffffffff601000 r-xp 00000000 00:00 0                  [vsyscall]

VM Arguments:
jvm_args: -agentlib:jdwp=transport=dt_socket,suspend=y,address=localhost:50059 -Dfile.encoding=UTF-8 
java_command: org.eclipse.jdt.internal.junit.runner.RemoteTestRunner -version 3 -port 43784 -testLoaderClass org.eclipse.jdt.internal.junit4.runner.JUnit4TestLoader -loaderpluginname org.eclipse.jdt.junit4.runtime -classNames org.apache.directmemory.buffer.PartitionBufferTestCase
Launcher Type: SUN_STANDARD

Environment Variables:
PATH=/home/engelbert/bin:/usr/local/sbin:/usr/local/bin:/usr/sbin:/usr/bin:/sbin:/bin:/usr/games:/usr/local/games
USERNAME=engelbert
SHELL=/bin/bash
DISPLAY=:0

Signal Handlers:
SIGSEGV: [libjvm.so+0x8a26a0], sa_mask[0]=0x7ffbfeff, sa_flags=0x10000004
SIGBUS: [libjvm.so+0x8a26a0], sa_mask[0]=0x7ffbfeff, sa_flags=0x10000004
SIGFPE: [libjvm.so+0x73f3d0], sa_mask[0]=0x7ffbfeff, sa_flags=0x10000004
SIGPIPE: [libjvm.so+0x73f3d0], sa_mask[0]=0x7ffbfeff, sa_flags=0x10000004
SIGXFSZ: [libjvm.so+0x73f3d0], sa_mask[0]=0x7ffbfeff, sa_flags=0x10000004
SIGILL: [libjvm.so+0x73f3d0], sa_mask[0]=0x7ffbfeff, sa_flags=0x10000004
SIGUSR1: SIG_DFL, sa_mask[0]=0x00000000, sa_flags=0x00000000
SIGUSR2: [libjvm.so+0x73ed20], sa_mask[0]=0x00000004, sa_flags=0x10000004
SIGHUP: [libjvm.so+0x7410b0], sa_mask[0]=0x7ffbfeff, sa_flags=0x10000004
SIGINT: [libjvm.so+0x7410b0], sa_mask[0]=0x7ffbfeff, sa_flags=0x10000004
SIGTERM: [libjvm.so+0x7410b0], sa_mask[0]=0x7ffbfeff, sa_flags=0x10000004
SIGQUIT: [libjvm.so+0x7410b0], sa_mask[0]=0x7ffbfeff, sa_flags=0x10000004


---------------  S Y S T E M  ---------------

OS:wheezy/sid

uname:Linux 3.5.0-30-generic #51-Ubuntu SMP Tue May 14 18:47:48 UTC 2013 x86_64
libc:glibc 2.15 NPTL 2.15 
rlimit: STACK 8192k, CORE 0k, NPROC 128112, NOFILE 4096, AS infinity
load average:0,58 0,44 0,46

/proc/meminfo:
MemTotal:       16416904 kB
MemFree:         2953252 kB
Buffers:          347716 kB
Cached:          3560960 kB
SwapCached:        25036 kB
Active:          8428004 kB
Inactive:        3648228 kB
Active(anon):    6778232 kB
Inactive(anon):  1459440 kB
Active(file):    1649772 kB
Inactive(file):  2188788 kB
Unevictable:      612868 kB
Mlocked:          612868 kB
SwapTotal:       3999740 kB
SwapFree:        3768900 kB
Dirty:               256 kB
Writeback:             0 kB
AnonPages:       8762224 kB
Mapped:           315872 kB
Shmem:             30656 kB
Slab:             501032 kB
SReclaimable:     396148 kB
SUnreclaim:       104884 kB
KernelStack:        7736 kB
PageTables:        84288 kB
NFS_Unstable:          0 kB
Bounce:                0 kB
WritebackTmp:          0 kB
CommitLimit:    12208192 kB
Committed_AS:   14578212 kB
VmallocTotal:   34359738367 kB
VmallocUsed:      142976 kB
VmallocChunk:   34359579644 kB
HardwareCorrupted:     0 kB
AnonHugePages:         0 kB
HugePages_Total:       0
HugePages_Free:        0
HugePages_Rsvd:        0
HugePages_Surp:        0
Hugepagesize:       2048 kB
DirectMap4k:      825344 kB
DirectMap2M:    15935488 kB


CPU:total 4 (4 cores per cpu, 1 threads per core) family 6 model 42 stepping 7, cmov, cx8, fxsr, mmx, sse, sse2, sse3, ssse3, sse4.1, sse4.2, popcnt, avx, tsc, tscinvbit

/proc/cpuinfo:
processor	: 0
vendor_id	: GenuineIntel
cpu family	: 6
model		: 42
model name	: Intel(R) Core(TM) i5-2400 CPU @ 3.10GHz
stepping	: 7
microcode	: 0x1a
cpu MHz		: 3101.000
cache size	: 6144 KB
physical id	: 0
siblings	: 4
core id		: 0
cpu cores	: 4
apicid		: 0
initial apicid	: 0
fpu		: yes
fpu_exception	: yes
cpuid level	: 13
wp		: yes
flags		: fpu vme de pse tsc msr pae mce cx8 apic sep mtrr pge mca cmov pat pse36 clflush dts acpi mmx fxsr sse sse2 ss ht tm pbe syscall nx rdtscp lm constant_tsc arch_perfmon pebs bts rep_good nopl xtopology nonstop_tsc aperfmperf pni pclmulqdq dtes64 monitor ds_cpl vmx smx est tm2 ssse3 cx16 xtpr pdcm pcid sse4_1 sse4_2 x2apic popcnt tsc_deadline_timer aes xsave avx lahf_lm ida arat epb xsaveopt pln pts dtherm tpr_shadow vnmi flexpriority ept vpid
bogomips	: 6220.98
clflush size	: 64
cache_alignment	: 64
address sizes	: 36 bits physical, 48 bits virtual
power management:

processor	: 1
vendor_id	: GenuineIntel
cpu family	: 6
model		: 42
model name	: Intel(R) Core(TM) i5-2400 CPU @ 3.10GHz
stepping	: 7
microcode	: 0x1a
cpu MHz		: 1600.000
cache size	: 6144 KB
physical id	: 0
siblings	: 4
core id		: 1
cpu cores	: 4
apicid		: 2
initial apicid	: 2
fpu		: yes
fpu_exception	: yes
cpuid level	: 13
wp		: yes
flags		: fpu vme de pse tsc msr pae mce cx8 apic sep mtrr pge mca cmov pat pse36 clflush dts acpi mmx fxsr sse sse2 ss ht tm pbe syscall nx rdtscp lm constant_tsc arch_perfmon pebs bts rep_good nopl xtopology nonstop_tsc aperfmperf pni pclmulqdq dtes64 monitor ds_cpl vmx smx est tm2 ssse3 cx16 xtpr pdcm pcid sse4_1 sse4_2 x2apic popcnt tsc_deadline_timer aes xsave avx lahf_lm ida arat epb xsaveopt pln pts dtherm tpr_shadow vnmi flexpriority ept vpid
bogomips	: 6220.98
clflush size	: 64
cache_alignment	: 64
address sizes	: 36 bits physical, 48 bits virtual
power management:

processor	: 2
vendor_id	: GenuineIntel
cpu family	: 6
model		: 42
model name	: Intel(R) Core(TM) i5-2400 CPU @ 3.10GHz
stepping	: 7
microcode	: 0x1a
cpu MHz		: 3101.000
cache size	: 6144 KB
physical id	: 0
siblings	: 4
core id		: 2
cpu cores	: 4
apicid		: 4
initial apicid	: 4
fpu		: yes
fpu_exception	: yes
cpuid level	: 13
wp		: yes
flags		: fpu vme de pse tsc msr pae mce cx8 apic sep mtrr pge mca cmov pat pse36 clflush dts acpi mmx fxsr sse sse2 ss ht tm pbe syscall nx rdtscp lm constant_tsc arch_perfmon pebs bts rep_good nopl xtopology nonstop_tsc aperfmperf pni pclmulqdq dtes64 monitor ds_cpl vmx smx est tm2 ssse3 cx16 xtpr pdcm pcid sse4_1 sse4_2 x2apic popcnt tsc_deadline_timer aes xsave avx lahf_lm ida arat epb xsaveopt pln pts dtherm tpr_shadow vnmi flexpriority ept vpid
bogomips	: 6220.98
clflush size	: 64
cache_alignment	: 64
address sizes	: 36 bits physical, 48 bits virtual
power management:

processor	: 3
vendor_id	: GenuineIntel
cpu family	: 6
model		: 42
model name	: Intel(R) Core(TM) i5-2400 CPU @ 3.10GHz
stepping	: 7
microcode	: 0x1a
cpu MHz		: 3101.000
cache size	: 6144 KB
physical id	: 0
siblings	: 4
core id		: 3
cpu cores	: 4
apicid		: 6
initial apicid	: 6
fpu		: yes
fpu_exception	: yes
cpuid level	: 13
wp		: yes
flags		: fpu vme de pse tsc msr pae mce cx8 apic sep mtrr pge mca cmov pat pse36 clflush dts acpi mmx fxsr sse sse2 ss ht tm pbe syscall nx rdtscp lm constant_tsc arch_perfmon pebs bts rep_good nopl xtopology nonstop_tsc aperfmperf pni pclmulqdq dtes64 monitor ds_cpl vmx smx est tm2 ssse3 cx16 xtpr pdcm pcid sse4_1 sse4_2 x2apic popcnt tsc_deadline_timer aes xsave avx lahf_lm ida arat epb xsaveopt pln pts dtherm tpr_shadow vnmi flexpriority ept vpid
bogomips	: 6220.98
clflush size	: 64
cache_alignment	: 64
address sizes	: 36 bits physical, 48 bits virtual
power management:



Memory: 4k page, physical 16416904k(2953252k free), swap 3999740k(3768900k free)

vm_info: Java HotSpot(TM) 64-Bit Server VM (23.25-b01) for linux-amd64 JRE (1.7.0_25-b15), built on Jun  5 2013 20:48:36 by "java_re" with gcc 4.3.0 20080428 (Red Hat 4.3.0-8)

time: Wed Jul 10 15:20:32 2013
elapsed time: 2 seconds

